Already loaded scene element from file: 1x1-xy-square-line.dae
Loading scene element from file: 1x1-xy-square-curve.dae
Already loaded scene element from file: 1x1-xy-square-line.dae
Loading scene element from file: 1x1-xy-square-t-piece.dae
Already loaded scene element from file: 1x1-xy-square-line.dae
Already loaded scene element from file: 1x1-xy-square-line.dae
Already loaded scene element from file: 1x1-xy-square-line.dae
Already loaded scene element from file: 1x1-xy-square-line.dae
Already loaded scene element from file: 1x1-xy-square-line.dae
Already loaded scene element from file: 1x1-xy-square-curve.dae
Already loaded scene element from file: 1x1-xy-square-line.dae
Already loaded scene element from file: 1x1-xy-square-t-piece.dae
Already loaded scene element from file: 1x1-xy-square-line.dae
Already loaded scene element from file: 1x1-xy-square-curve.dae
Loading scene element from file: food-ambient-hotfix.dae
Already loaded scene element from file: food-ambient-hotfix.dae
Already loaded scene element from file: 1x1-xy-square-t-piece.dae
Already loaded scene element from file: 1x1-xy-square-t-piece.dae
Already loaded scene element from file: 1x1-xy-square-line.dae
Already loaded scene element from file: 1x1-xy-square-curve.dae
Already loaded scene element from file: food-ambient-hotfix.dae
Already loaded scene element from file: food-ambient-hotfix.dae
Already loaded scene element from file: food-ambient-hotfix.dae
Already loaded scene element from file: food-ambient-hotfix.dae
Loading scene element from file: pacman.dae
Already loaded scene element from file: food-ambient-hotfix.dae
Already loaded scene element from file: food-ambient-hotfix.dae
Already loaded scene element from file: food-ambient-hotfix.dae
Already loaded scene element from file: food-ambient-hotfix.dae
Loading scene element from file: ghost1.dae
Already loaded scene element from file: food-ambient-hotfix.dae
Already loaded scene element from file: food-ambient-hotfix.dae
Already loaded scene element from file: food-ambient-hotfix.dae
Already loaded scene element from file: food-ambient-hotfix.dae
Already loaded scene element from file: food-ambient-hotfix.dae
Already loaded scene element from file: food-ambient-hotfix.dae
Already loaded scene element from file: food-ambient-hotfix.dae
Already loaded scene element from file: food-ambient-hotfix.dae
Already loaded scene element from file: food-ambient-hotfix.dae
